<?xml version="1.0" encoding="UTF-8"?>
<!-- Generated by org.testng.reporters.JUnitReportReporter -->
<testsuite skipped="0" hostname="DESKTOP-BSMDKDU" name="testcase1" tests="1" failures="0" timestamp="2020-03-16T18:17:11 CDT" time="7.438" errors="0">
  <testcase name="verify" time="7.438" classname="testcase1"/>
  <system-out/>
</testsuite> <!-- testcase1 -->
