<?xml version="1.0" encoding="UTF-8"?>
<!-- Generated by org.testng.reporters.JUnitReportReporter -->
<testsuite skipped="0" hostname="DESKTOP-BSMDKDU" name="testng.test1" tests="2" failures="0" timestamp="2020-03-17T23:32:39 CDT" time="2.559" errors="0">
  <testcase name="readfromnotepad" time="0.009" classname="testng.test1"/>
  <system-out/>
  <testcase name="verify" time="2.550" classname="testng.test1"/>
  <system-out/>
</testsuite> <!-- testng.test1 -->
